2025-02-03 14:20:05,231 DEBUG    root            Loaded Command Group: ['gcloud', 'components']
2025-02-03 14:20:05,235 DEBUG    root            Loaded Command Group: ['gcloud', 'components', 'update']
2025-02-03 14:20:05,237 DEBUG    root            Running [gcloud.components.update] with arguments: [--compile-python: "True", --quiet: "True", COMPONENT-IDS:6: "['core', 'gcloud-deps', 'bq', 'gcloud', 'gcloud-crc32c', 'gsutil']"]
2025-02-03 14:20:05,237 INFO     ___FILE_ONLY___ Beginning update. This process may take several minutes.

2025-02-03 14:20:05,327 DEBUG    urllib3.connectionpool Starting new HTTPS connection (1): dl.google.com:443
2025-02-03 14:20:05,398 DEBUG    urllib3.connectionpool https://dl.google.com:443 "GET /dl/cloudsdk/channels/rapid/components-2.json HTTP/1.1" 200 227832
2025-02-03 14:20:05,414 INFO     ___FILE_ONLY___ 

2025-02-03 14:20:05,415 INFO     ___FILE_ONLY___ 
Your current Google Cloud CLI version is: 508.0.0

2025-02-03 14:20:05,415 INFO     ___FILE_ONLY___ Installing components from version: 508.0.0

2025-02-03 14:20:05,415 INFO     ___FILE_ONLY___ 

2025-02-03 14:20:05,415 DEBUG    root            Chosen display Format:table[box,title="These components will be removed."](details.display_name:label=Name:align=left,version.version_string:label=Version:align=right,data.size.size(zero="",min=1048576):label=Size:align=right)
2025-02-03 14:20:05,416 DEBUG    root            Chosen display Format:table[box,title="These components will be updated."](details.display_name:label=Name:align=left,version.version_string:label=Version:align=right,data.size.size(zero="",min=1048576):label=Size:align=right)
2025-02-03 14:20:05,416 DEBUG    root            Chosen display Format:table[box,title="These components will be installed."](details.display_name:label=Name:align=left,version.version_string:label=Version:align=right,data.size.size(zero="",min=1048576):label=Size:align=right)
2025-02-03 14:20:05,453 INFO     ___FILE_ONLY___ ┌─────────────────────────────────────────────────────────────────────────────┐
2025-02-03 14:20:05,453 INFO     ___FILE_ONLY___ 

2025-02-03 14:20:05,453 INFO     ___FILE_ONLY___ │                     These components will be installed.                     │
2025-02-03 14:20:05,453 INFO     ___FILE_ONLY___ 

2025-02-03 14:20:05,453 INFO     ___FILE_ONLY___ ├─────────────────────────────────────────────────────┬────────────┬──────────┤
2025-02-03 14:20:05,454 INFO     ___FILE_ONLY___ 

2025-02-03 14:20:05,454 INFO     ___FILE_ONLY___ │                         Name                        │  Version   │   Size   │
2025-02-03 14:20:05,454 INFO     ___FILE_ONLY___ 

2025-02-03 14:20:05,454 INFO     ___FILE_ONLY___ ├─────────────────────────────────────────────────────┼────────────┼──────────┤
2025-02-03 14:20:05,454 INFO     ___FILE_ONLY___ 

2025-02-03 14:20:05,454 INFO     ___FILE_ONLY___ │ 
2025-02-03 14:20:05,454 INFO     ___FILE_ONLY___ BigQuery Command Line Tool                         
2025-02-03 14:20:05,454 INFO     ___FILE_ONLY___  
2025-02-03 14:20:05,454 INFO     ___FILE_ONLY___ │ 
2025-02-03 14:20:05,454 INFO     ___FILE_ONLY___     2.1.12
2025-02-03 14:20:05,454 INFO     ___FILE_ONLY___  
2025-02-03 14:20:05,454 INFO     ___FILE_ONLY___ │ 
2025-02-03 14:20:05,454 INFO     ___FILE_ONLY___  1.8 MiB
2025-02-03 14:20:05,455 INFO     ___FILE_ONLY___  
2025-02-03 14:20:05,455 INFO     ___FILE_ONLY___ │
2025-02-03 14:20:05,455 INFO     ___FILE_ONLY___ 

2025-02-03 14:20:05,455 INFO     ___FILE_ONLY___ │ 
2025-02-03 14:20:05,455 INFO     ___FILE_ONLY___ BigQuery Command Line Tool (Platform Specific)     
2025-02-03 14:20:05,455 INFO     ___FILE_ONLY___  
2025-02-03 14:20:05,455 INFO     ___FILE_ONLY___ │ 
2025-02-03 14:20:05,455 INFO     ___FILE_ONLY___      2.1.8
2025-02-03 14:20:05,455 INFO     ___FILE_ONLY___  
2025-02-03 14:20:05,455 INFO     ___FILE_ONLY___ │ 
2025-02-03 14:20:05,455 INFO     ___FILE_ONLY___  < 1 MiB
2025-02-03 14:20:05,455 INFO     ___FILE_ONLY___  
2025-02-03 14:20:05,455 INFO     ___FILE_ONLY___ │
2025-02-03 14:20:05,455 INFO     ___FILE_ONLY___ 

2025-02-03 14:20:05,456 INFO     ___FILE_ONLY___ │ 
2025-02-03 14:20:05,456 INFO     ___FILE_ONLY___ Bundled Python 3.11 (Platform Specific)            
2025-02-03 14:20:05,456 INFO     ___FILE_ONLY___  
2025-02-03 14:20:05,456 INFO     ___FILE_ONLY___ │ 
2025-02-03 14:20:05,456 INFO     ___FILE_ONLY___     3.11.9
2025-02-03 14:20:05,456 INFO     ___FILE_ONLY___  
2025-02-03 14:20:05,456 INFO     ___FILE_ONLY___ │ 
2025-02-03 14:20:05,456 INFO     ___FILE_ONLY___ 74.4 MiB
2025-02-03 14:20:05,456 INFO     ___FILE_ONLY___  
2025-02-03 14:20:05,456 INFO     ___FILE_ONLY___ │
2025-02-03 14:20:05,456 INFO     ___FILE_ONLY___ 

2025-02-03 14:20:05,456 INFO     ___FILE_ONLY___ │ 
2025-02-03 14:20:05,456 INFO     ___FILE_ONLY___ Cloud Storage Command Line Tool                    
2025-02-03 14:20:05,457 INFO     ___FILE_ONLY___  
2025-02-03 14:20:05,457 INFO     ___FILE_ONLY___ │ 
2025-02-03 14:20:05,457 INFO     ___FILE_ONLY___       5.33
2025-02-03 14:20:05,457 INFO     ___FILE_ONLY___  
2025-02-03 14:20:05,457 INFO     ___FILE_ONLY___ │ 
2025-02-03 14:20:05,457 INFO     ___FILE_ONLY___ 11.8 MiB
2025-02-03 14:20:05,457 INFO     ___FILE_ONLY___  
2025-02-03 14:20:05,457 INFO     ___FILE_ONLY___ │
2025-02-03 14:20:05,457 INFO     ___FILE_ONLY___ 

2025-02-03 14:20:05,457 INFO     ___FILE_ONLY___ │ 
2025-02-03 14:20:05,457 INFO     ___FILE_ONLY___ Cloud Storage Command Line Tool (Platform Specific)
2025-02-03 14:20:05,457 INFO     ___FILE_ONLY___  
2025-02-03 14:20:05,457 INFO     ___FILE_ONLY___ │ 
2025-02-03 14:20:05,457 INFO     ___FILE_ONLY___       5.30
2025-02-03 14:20:05,458 INFO     ___FILE_ONLY___  
2025-02-03 14:20:05,458 INFO     ___FILE_ONLY___ │ 
2025-02-03 14:20:05,458 INFO     ___FILE_ONLY___  < 1 MiB
2025-02-03 14:20:05,458 INFO     ___FILE_ONLY___  
2025-02-03 14:20:05,458 INFO     ___FILE_ONLY___ │
2025-02-03 14:20:05,458 INFO     ___FILE_ONLY___ 

2025-02-03 14:20:05,458 INFO     ___FILE_ONLY___ │ 
2025-02-03 14:20:05,458 INFO     ___FILE_ONLY___ Google Cloud CLI Core Libraries (Platform Specific)
2025-02-03 14:20:05,458 INFO     ___FILE_ONLY___  
2025-02-03 14:20:05,458 INFO     ___FILE_ONLY___ │ 
2025-02-03 14:20:05,458 INFO     ___FILE_ONLY___ 2024.08.30
2025-02-03 14:20:05,458 INFO     ___FILE_ONLY___  
2025-02-03 14:20:05,458 INFO     ___FILE_ONLY___ │ 
2025-02-03 14:20:05,458 INFO     ___FILE_ONLY___  < 1 MiB
2025-02-03 14:20:05,459 INFO     ___FILE_ONLY___  
2025-02-03 14:20:05,459 INFO     ___FILE_ONLY___ │
2025-02-03 14:20:05,459 INFO     ___FILE_ONLY___ 

2025-02-03 14:20:05,459 INFO     ___FILE_ONLY___ │ 
2025-02-03 14:20:05,459 INFO     ___FILE_ONLY___ Google Cloud CRC32C Hash Tool (Platform Specific)  
2025-02-03 14:20:05,459 INFO     ___FILE_ONLY___  
2025-02-03 14:20:05,459 INFO     ___FILE_ONLY___ │ 
2025-02-03 14:20:05,459 INFO     ___FILE_ONLY___      1.0.0
2025-02-03 14:20:05,459 INFO     ___FILE_ONLY___  
2025-02-03 14:20:05,459 INFO     ___FILE_ONLY___ │ 
2025-02-03 14:20:05,459 INFO     ___FILE_ONLY___  1.4 MiB
2025-02-03 14:20:05,459 INFO     ___FILE_ONLY___  
2025-02-03 14:20:05,459 INFO     ___FILE_ONLY___ │
2025-02-03 14:20:05,459 INFO     ___FILE_ONLY___ 

2025-02-03 14:20:05,460 INFO     ___FILE_ONLY___ │ 
2025-02-03 14:20:05,460 INFO     ___FILE_ONLY___ gcloud cli dependencies (Platform Specific)        
2025-02-03 14:20:05,460 INFO     ___FILE_ONLY___  
2025-02-03 14:20:05,460 INFO     ___FILE_ONLY___ │ 
2025-02-03 14:20:05,460 INFO     ___FILE_ONLY___ 2021.04.16
2025-02-03 14:20:05,460 INFO     ___FILE_ONLY___  
2025-02-03 14:20:05,460 INFO     ___FILE_ONLY___ │ 
2025-02-03 14:20:05,460 INFO     ___FILE_ONLY___  < 1 MiB
2025-02-03 14:20:05,460 INFO     ___FILE_ONLY___  
2025-02-03 14:20:05,460 INFO     ___FILE_ONLY___ │
2025-02-03 14:20:05,460 INFO     ___FILE_ONLY___ 

2025-02-03 14:20:05,460 INFO     ___FILE_ONLY___ └─────────────────────────────────────────────────────┴────────────┴──────────┘
2025-02-03 14:20:05,460 INFO     ___FILE_ONLY___ 

2025-02-03 14:20:05,460 INFO     ___FILE_ONLY___ 

2025-02-03 14:20:05,464 DEBUG    urllib3.connectionpool Starting new HTTPS connection (1): dl.google.com:443
2025-02-03 14:20:05,535 DEBUG    urllib3.connectionpool https://dl.google.com:443 "GET /dl/cloudsdk/channels/rapid/RELEASE_NOTES HTTP/1.1" 200 1347594
2025-02-03 14:20:05,577 INFO     ___FILE_ONLY___ For the latest full release notes, please visit:
  https://cloud.google.com/sdk/release_notes


2025-02-03 14:20:05,577 INFO     ___FILE_ONLY___ Performing in place update...


2025-02-03 14:20:05,580 INFO     ___FILE_ONLY___ ╔════════════════════════════════════════════════════════════╗

2025-02-03 14:20:05,580 INFO     ___FILE_ONLY___ ╠═ Downloading: BigQuery Command Line Tool                  ═╣

2025-02-03 14:20:05,580 INFO     ___FILE_ONLY___ ╚
2025-02-03 14:20:05,584 DEBUG    urllib3.connectionpool Starting new HTTPS connection (1): dl.google.com:443
2025-02-03 14:20:05,659 DEBUG    urllib3.connectionpool https://dl.google.com:443 "GET /dl/cloudsdk/channels/rapid/components/google-cloud-sdk-bq-20250117151628.tar.gz HTTP/1.1" 200 1853621
2025-02-03 14:20:05,670 INFO     ___FILE_ONLY___ ═
2025-02-03 14:20:05,671 INFO     ___FILE_ONLY___ ═
2025-02-03 14:20:05,671 INFO     ___FILE_ONLY___ ═
2025-02-03 14:20:05,671 INFO     ___FILE_ONLY___ ═
2025-02-03 14:20:05,671 INFO     ___FILE_ONLY___ ═
2025-02-03 14:20:05,671 INFO     ___FILE_ONLY___ ═
2025-02-03 14:20:05,671 INFO     ___FILE_ONLY___ ═
2025-02-03 14:20:05,671 INFO     ___FILE_ONLY___ ═
2025-02-03 14:20:05,671 INFO     ___FILE_ONLY___ ═
2025-02-03 14:20:05,672 INFO     ___FILE_ONLY___ ═
2025-02-03 14:20:05,672 INFO     ___FILE_ONLY___ ═
2025-02-03 14:20:05,672 INFO     ___FILE_ONLY___ ═
2025-02-03 14:20:05,672 INFO     ___FILE_ONLY___ ═
2025-02-03 14:20:05,672 INFO     ___FILE_ONLY___ ═
2025-02-03 14:20:05,672 INFO     ___FILE_ONLY___ ═
2025-02-03 14:20:05,672 INFO     ___FILE_ONLY___ ═
2025-02-03 14:20:05,672 INFO     ___FILE_ONLY___ ═
2025-02-03 14:20:05,673 INFO     ___FILE_ONLY___ ═
2025-02-03 14:20:05,673 INFO     ___FILE_ONLY___ ═
2025-02-03 14:20:05,673 INFO     ___FILE_ONLY___ ═
2025-02-03 14:20:05,673 INFO     ___FILE_ONLY___ ═
2025-02-03 14:20:05,673 INFO     ___FILE_ONLY___ ═
2025-02-03 14:20:05,673 INFO     ___FILE_ONLY___ ═
2025-02-03 14:20:05,673 INFO     ___FILE_ONLY___ ═
2025-02-03 14:20:05,673 INFO     ___FILE_ONLY___ ═
2025-02-03 14:20:05,674 INFO     ___FILE_ONLY___ ═
2025-02-03 14:20:05,674 INFO     ___FILE_ONLY___ ═
2025-02-03 14:20:05,674 INFO     ___FILE_ONLY___ ═
2025-02-03 14:20:05,674 INFO     ___FILE_ONLY___ ═
2025-02-03 14:20:05,674 INFO     ___FILE_ONLY___ ═
2025-02-03 14:20:05,674 INFO     ___FILE_ONLY___ ═
2025-02-03 14:20:05,674 INFO     ___FILE_ONLY___ ═
2025-02-03 14:20:05,674 INFO     ___FILE_ONLY___ ═
2025-02-03 14:20:05,675 INFO     ___FILE_ONLY___ ═
2025-02-03 14:20:05,675 INFO     ___FILE_ONLY___ ═
2025-02-03 14:20:05,675 INFO     ___FILE_ONLY___ ═
2025-02-03 14:20:05,675 INFO     ___FILE_ONLY___ ═
2025-02-03 14:20:05,675 INFO     ___FILE_ONLY___ ═
2025-02-03 14:20:05,675 INFO     ___FILE_ONLY___ ═
2025-02-03 14:20:05,675 INFO     ___FILE_ONLY___ ═
2025-02-03 14:20:05,675 INFO     ___FILE_ONLY___ ═
2025-02-03 14:20:05,675 INFO     ___FILE_ONLY___ ═
2025-02-03 14:20:05,676 INFO     ___FILE_ONLY___ ═
2025-02-03 14:20:05,676 INFO     ___FILE_ONLY___ ═
2025-02-03 14:20:05,676 INFO     ___FILE_ONLY___ ═
2025-02-03 14:20:05,676 INFO     ___FILE_ONLY___ ═
2025-02-03 14:20:05,676 INFO     ___FILE_ONLY___ ═
2025-02-03 14:20:05,676 INFO     ___FILE_ONLY___ ═
2025-02-03 14:20:05,676 INFO     ___FILE_ONLY___ ═
2025-02-03 14:20:05,676 INFO     ___FILE_ONLY___ ═
2025-02-03 14:20:05,677 INFO     ___FILE_ONLY___ ═
2025-02-03 14:20:05,677 INFO     ___FILE_ONLY___ ═
2025-02-03 14:20:05,677 INFO     ___FILE_ONLY___ ═
2025-02-03 14:20:05,677 INFO     ___FILE_ONLY___ ═
2025-02-03 14:20:05,677 INFO     ___FILE_ONLY___ ═
2025-02-03 14:20:05,677 INFO     ___FILE_ONLY___ ═
2025-02-03 14:20:05,677 INFO     ___FILE_ONLY___ ═
2025-02-03 14:20:05,678 INFO     ___FILE_ONLY___ ═
2025-02-03 14:20:05,678 INFO     ___FILE_ONLY___ ═
2025-02-03 14:20:05,678 INFO     ___FILE_ONLY___ ═
2025-02-03 14:20:05,678 INFO     ___FILE_ONLY___ ╝

2025-02-03 14:20:05,680 INFO     ___FILE_ONLY___ ╔════════════════════════════════════════════════════════════╗

2025-02-03 14:20:05,680 INFO     ___FILE_ONLY___ ╠═ Downloading: BigQuery Command Line Tool (Platform Spe... ═╣

2025-02-03 14:20:05,680 INFO     ___FILE_ONLY___ ╚
2025-02-03 14:20:05,684 DEBUG    urllib3.connectionpool Starting new HTTPS connection (1): dl.google.com:443
2025-02-03 14:20:05,754 DEBUG    urllib3.connectionpool https://dl.google.com:443 "GET /dl/cloudsdk/channels/rapid/components/google-cloud-sdk-bq-nix-20240830134514.tar.gz HTTP/1.1" 200 1914
2025-02-03 14:20:05,755 INFO     ___FILE_ONLY___ ════════════════════════════════════════════════════════════
2025-02-03 14:20:05,755 INFO     ___FILE_ONLY___ ╝

2025-02-03 14:20:05,757 INFO     ___FILE_ONLY___ ╔════════════════════════════════════════════════════════════╗

2025-02-03 14:20:05,757 INFO     ___FILE_ONLY___ ╠═ Downloading: Bundled Python 3.11                         ═╣

2025-02-03 14:20:05,757 INFO     ___FILE_ONLY___ ╚
2025-02-03 14:20:05,757 INFO     ___FILE_ONLY___ ════════════════════════════════════════════════════════════
2025-02-03 14:20:05,757 INFO     ___FILE_ONLY___ ╝

2025-02-03 14:20:05,759 INFO     ___FILE_ONLY___ ╔════════════════════════════════════════════════════════════╗

2025-02-03 14:20:05,759 INFO     ___FILE_ONLY___ ╠═ Downloading: Bundled Python 3.11 (Platform Specific)     ═╣

2025-02-03 14:20:05,759 INFO     ___FILE_ONLY___ ╚
2025-02-03 14:20:05,762 DEBUG    urllib3.connectionpool Starting new HTTPS connection (1): dl.google.com:443
2025-02-03 14:20:05,837 DEBUG    urllib3.connectionpool https://dl.google.com:443 "GET /dl/cloudsdk/channels/rapid/components/google-cloud-sdk-bundled-python3-unix-linux-x86_64-20240920144119.tar.gz HTTP/1.1" 200 78001783
2025-02-03 14:20:06,106 INFO     ___FILE_ONLY___ ═
2025-02-03 14:20:06,108 INFO     ___FILE_ONLY___ ═
2025-02-03 14:20:06,109 INFO     ___FILE_ONLY___ ═
2025-02-03 14:20:06,111 INFO     ___FILE_ONLY___ ═
2025-02-03 14:20:06,112 INFO     ___FILE_ONLY___ ═
2025-02-03 14:20:06,114 INFO     ___FILE_ONLY___ ═
2025-02-03 14:20:06,115 INFO     ___FILE_ONLY___ ═
2025-02-03 14:20:06,117 INFO     ___FILE_ONLY___ ═
2025-02-03 14:20:06,118 INFO     ___FILE_ONLY___ ═
2025-02-03 14:20:06,120 INFO     ___FILE_ONLY___ ═
2025-02-03 14:20:06,121 INFO     ___FILE_ONLY___ ═
2025-02-03 14:20:06,123 INFO     ___FILE_ONLY___ ═
2025-02-03 14:20:06,124 INFO     ___FILE_ONLY___ ═
2025-02-03 14:20:06,126 INFO     ___FILE_ONLY___ ═
2025-02-03 14:20:06,127 INFO     ___FILE_ONLY___ ═
2025-02-03 14:20:06,128 INFO     ___FILE_ONLY___ ═
2025-02-03 14:20:06,130 INFO     ___FILE_ONLY___ ═
2025-02-03 14:20:06,131 INFO     ___FILE_ONLY___ ═
2025-02-03 14:20:06,133 INFO     ___FILE_ONLY___ ═
2025-02-03 14:20:06,134 INFO     ___FILE_ONLY___ ═
2025-02-03 14:20:06,135 INFO     ___FILE_ONLY___ ═
2025-02-03 14:20:06,137 INFO     ___FILE_ONLY___ ═
2025-02-03 14:20:06,138 INFO     ___FILE_ONLY___ ═
2025-02-03 14:20:06,140 INFO     ___FILE_ONLY___ ═
2025-02-03 14:20:06,141 INFO     ___FILE_ONLY___ ═
2025-02-03 14:20:06,143 INFO     ___FILE_ONLY___ ═
2025-02-03 14:20:06,144 INFO     ___FILE_ONLY___ ═
2025-02-03 14:20:06,145 INFO     ___FILE_ONLY___ ═
2025-02-03 14:20:06,147 INFO     ___FILE_ONLY___ ═
2025-02-03 14:20:06,148 INFO     ___FILE_ONLY___ ═
2025-02-03 14:20:06,150 INFO     ___FILE_ONLY___ ═
2025-02-03 14:20:06,151 INFO     ___FILE_ONLY___ ═
2025-02-03 14:20:06,153 INFO     ___FILE_ONLY___ ═
2025-02-03 14:20:06,154 INFO     ___FILE_ONLY___ ═
2025-02-03 14:20:06,155 INFO     ___FILE_ONLY___ ═
2025-02-03 14:20:06,157 INFO     ___FILE_ONLY___ ═
2025-02-03 14:20:06,158 INFO     ___FILE_ONLY___ ═
2025-02-03 14:20:06,160 INFO     ___FILE_ONLY___ ═
2025-02-03 14:20:06,161 INFO     ___FILE_ONLY___ ═
2025-02-03 14:20:06,163 INFO     ___FILE_ONLY___ ═
2025-02-03 14:20:06,164 INFO     ___FILE_ONLY___ ═
2025-02-03 14:20:06,165 INFO     ___FILE_ONLY___ ═
2025-02-03 14:20:06,167 INFO     ___FILE_ONLY___ ═
2025-02-03 14:20:06,168 INFO     ___FILE_ONLY___ ═
2025-02-03 14:20:06,170 INFO     ___FILE_ONLY___ ═
2025-02-03 14:20:06,171 INFO     ___FILE_ONLY___ ═
2025-02-03 14:20:06,173 INFO     ___FILE_ONLY___ ═
2025-02-03 14:20:06,174 INFO     ___FILE_ONLY___ ═
2025-02-03 14:20:06,175 INFO     ___FILE_ONLY___ ═
2025-02-03 14:20:06,177 INFO     ___FILE_ONLY___ ═
2025-02-03 14:20:06,178 INFO     ___FILE_ONLY___ ═
2025-02-03 14:20:06,180 INFO     ___FILE_ONLY___ ═
2025-02-03 14:20:06,181 INFO     ___FILE_ONLY___ ═
2025-02-03 14:20:06,183 INFO     ___FILE_ONLY___ ═
2025-02-03 14:20:06,184 INFO     ___FILE_ONLY___ ═
2025-02-03 14:20:06,186 INFO     ___FILE_ONLY___ ═
2025-02-03 14:20:06,187 INFO     ___FILE_ONLY___ ═
2025-02-03 14:20:06,189 INFO     ___FILE_ONLY___ ═
2025-02-03 14:20:06,190 INFO     ___FILE_ONLY___ ═
2025-02-03 14:20:06,192 INFO     ___FILE_ONLY___ ═
2025-02-03 14:20:06,192 INFO     ___FILE_ONLY___ ╝

2025-02-03 14:20:06,198 INFO     ___FILE_ONLY___ ╔════════════════════════════════════════════════════════════╗

2025-02-03 14:20:06,198 INFO     ___FILE_ONLY___ ╠═ Downloading: Cloud Storage Command Line Tool             ═╣

2025-02-03 14:20:06,198 INFO     ___FILE_ONLY___ ╚
2025-02-03 14:20:06,201 DEBUG    urllib3.connectionpool Starting new HTTPS connection (1): dl.google.com:443
2025-02-03 14:20:06,276 DEBUG    urllib3.connectionpool https://dl.google.com:443 "GET /dl/cloudsdk/channels/rapid/components/google-cloud-sdk-gsutil-20241213184646.tar.gz HTTP/1.1" 200 12368759
2025-02-03 14:20:06,314 INFO     ___FILE_ONLY___ ═
2025-02-03 14:20:06,315 INFO     ___FILE_ONLY___ ═
2025-02-03 14:20:06,315 INFO     ___FILE_ONLY___ ═
2025-02-03 14:20:06,316 INFO     ___FILE_ONLY___ ═
2025-02-03 14:20:06,316 INFO     ___FILE_ONLY___ ═
2025-02-03 14:20:06,316 INFO     ___FILE_ONLY___ ═
2025-02-03 14:20:06,317 INFO     ___FILE_ONLY___ ═
2025-02-03 14:20:06,317 INFO     ___FILE_ONLY___ ═
2025-02-03 14:20:06,317 INFO     ___FILE_ONLY___ ═
2025-02-03 14:20:06,318 INFO     ___FILE_ONLY___ ═
2025-02-03 14:20:06,318 INFO     ___FILE_ONLY___ ═
2025-02-03 14:20:06,318 INFO     ___FILE_ONLY___ ═
2025-02-03 14:20:06,319 INFO     ___FILE_ONLY___ ═
2025-02-03 14:20:06,319 INFO     ___FILE_ONLY___ ═
2025-02-03 14:20:06,319 INFO     ___FILE_ONLY___ ═
2025-02-03 14:20:06,320 INFO     ___FILE_ONLY___ ═
2025-02-03 14:20:06,320 INFO     ___FILE_ONLY___ ═
2025-02-03 14:20:06,320 INFO     ___FILE_ONLY___ ═
2025-02-03 14:20:06,321 INFO     ___FILE_ONLY___ ═
2025-02-03 14:20:06,321 INFO     ___FILE_ONLY___ ═
2025-02-03 14:20:06,321 INFO     ___FILE_ONLY___ ═
2025-02-03 14:20:06,322 INFO     ___FILE_ONLY___ ═
2025-02-03 14:20:06,322 INFO     ___FILE_ONLY___ ═
2025-02-03 14:20:06,322 INFO     ___FILE_ONLY___ ═
2025-02-03 14:20:06,323 INFO     ___FILE_ONLY___ ═
2025-02-03 14:20:06,323 INFO     ___FILE_ONLY___ ═
2025-02-03 14:20:06,323 INFO     ___FILE_ONLY___ ═
2025-02-03 14:20:06,324 INFO     ___FILE_ONLY___ ═
2025-02-03 14:20:06,324 INFO     ___FILE_ONLY___ ═
2025-02-03 14:20:06,324 INFO     ___FILE_ONLY___ ═
2025-02-03 14:20:06,325 INFO     ___FILE_ONLY___ ═
2025-02-03 14:20:06,325 INFO     ___FILE_ONLY___ ═
2025-02-03 14:20:06,325 INFO     ___FILE_ONLY___ ═
2025-02-03 14:20:06,326 INFO     ___FILE_ONLY___ ═
2025-02-03 14:20:06,326 INFO     ___FILE_ONLY___ ═
2025-02-03 14:20:06,326 INFO     ___FILE_ONLY___ ═
2025-02-03 14:20:06,326 INFO     ___FILE_ONLY___ ═
2025-02-03 14:20:06,327 INFO     ___FILE_ONLY___ ═
2025-02-03 14:20:06,327 INFO     ___FILE_ONLY___ ═
2025-02-03 14:20:06,327 INFO     ___FILE_ONLY___ ═
2025-02-03 14:20:06,328 INFO     ___FILE_ONLY___ ═
2025-02-03 14:20:06,328 INFO     ___FILE_ONLY___ ═
2025-02-03 14:20:06,328 INFO     ___FILE_ONLY___ ═
2025-02-03 14:20:06,329 INFO     ___FILE_ONLY___ ═
2025-02-03 14:20:06,329 INFO     ___FILE_ONLY___ ═
2025-02-03 14:20:06,329 INFO     ___FILE_ONLY___ ═
2025-02-03 14:20:06,330 INFO     ___FILE_ONLY___ ═
2025-02-03 14:20:06,330 INFO     ___FILE_ONLY___ ═
2025-02-03 14:20:06,330 INFO     ___FILE_ONLY___ ═
2025-02-03 14:20:06,331 INFO     ___FILE_ONLY___ ═
2025-02-03 14:20:06,331 INFO     ___FILE_ONLY___ ═
2025-02-03 14:20:06,331 INFO     ___FILE_ONLY___ ═
2025-02-03 14:20:06,332 INFO     ___FILE_ONLY___ ═
2025-02-03 14:20:06,332 INFO     ___FILE_ONLY___ ═
2025-02-03 14:20:06,332 INFO     ___FILE_ONLY___ ═
2025-02-03 14:20:06,332 INFO     ___FILE_ONLY___ ═
2025-02-03 14:20:06,333 INFO     ___FILE_ONLY___ ═
2025-02-03 14:20:06,333 INFO     ___FILE_ONLY___ ═
2025-02-03 14:20:06,333 INFO     ___FILE_ONLY___ ═
2025-02-03 14:20:06,334 INFO     ___FILE_ONLY___ ═
2025-02-03 14:20:06,334 INFO     ___FILE_ONLY___ ╝

2025-02-03 14:20:06,336 INFO     ___FILE_ONLY___ ╔════════════════════════════════════════════════════════════╗

2025-02-03 14:20:06,336 INFO     ___FILE_ONLY___ ╠═ Downloading: Cloud Storage Command Line Tool (Platfor... ═╣

2025-02-03 14:20:06,337 INFO     ___FILE_ONLY___ ╚
2025-02-03 14:20:06,340 DEBUG    urllib3.connectionpool Starting new HTTPS connection (1): dl.google.com:443
2025-02-03 14:20:06,410 DEBUG    urllib3.connectionpool https://dl.google.com:443 "GET /dl/cloudsdk/channels/rapid/components/google-cloud-sdk-gsutil-nix-20240830134514.tar.gz HTTP/1.1" 200 1928
2025-02-03 14:20:06,410 INFO     ___FILE_ONLY___ ════════════════════════════════════════════════════════════
2025-02-03 14:20:06,410 INFO     ___FILE_ONLY___ ╝

2025-02-03 14:20:06,413 INFO     ___FILE_ONLY___ ╔════════════════════════════════════════════════════════════╗

2025-02-03 14:20:06,413 INFO     ___FILE_ONLY___ ╠═ Downloading: Default set of gcloud commands              ═╣

2025-02-03 14:20:06,413 INFO     ___FILE_ONLY___ ╚
2025-02-03 14:20:06,413 INFO     ___FILE_ONLY___ ════════════════════════════════════════════════════════════
2025-02-03 14:20:06,413 INFO     ___FILE_ONLY___ ╝

2025-02-03 14:20:06,415 INFO     ___FILE_ONLY___ ╔════════════════════════════════════════════════════════════╗

2025-02-03 14:20:06,415 INFO     ___FILE_ONLY___ ╠═ Downloading: Google Cloud CLI Core Libraries (Platfor... ═╣

2025-02-03 14:20:06,415 INFO     ___FILE_ONLY___ ╚
2025-02-03 14:20:06,418 DEBUG    urllib3.connectionpool Starting new HTTPS connection (1): dl.google.com:443
2025-02-03 14:20:06,492 DEBUG    urllib3.connectionpool https://dl.google.com:443 "GET /dl/cloudsdk/channels/rapid/components/google-cloud-sdk-core-nix-20240830134514.tar.gz HTTP/1.1" 200 2306
2025-02-03 14:20:06,492 INFO     ___FILE_ONLY___ ════════════════════════════════════════════════════════════
2025-02-03 14:20:06,492 INFO     ___FILE_ONLY___ ╝

2025-02-03 14:20:06,494 INFO     ___FILE_ONLY___ ╔════════════════════════════════════════════════════════════╗

2025-02-03 14:20:06,494 INFO     ___FILE_ONLY___ ╠═ Downloading: Google Cloud CRC32C Hash Tool               ═╣

2025-02-03 14:20:06,494 INFO     ___FILE_ONLY___ ╚
2025-02-03 14:20:06,494 INFO     ___FILE_ONLY___ ════════════════════════════════════════════════════════════
2025-02-03 14:20:06,495 INFO     ___FILE_ONLY___ ╝

2025-02-03 14:20:06,496 INFO     ___FILE_ONLY___ ╔════════════════════════════════════════════════════════════╗

2025-02-03 14:20:06,496 INFO     ___FILE_ONLY___ ╠═ Downloading: Google Cloud CRC32C Hash Tool (Platform ... ═╣

2025-02-03 14:20:06,496 INFO     ___FILE_ONLY___ ╚
2025-02-03 14:20:06,500 DEBUG    urllib3.connectionpool Starting new HTTPS connection (1): dl.google.com:443
2025-02-03 14:20:06,598 DEBUG    urllib3.connectionpool https://dl.google.com:443 "GET /dl/cloudsdk/channels/rapid/components/google-cloud-sdk-gcloud-crc32c-linux-x86_64-20250110133808.tar.gz HTTP/1.1" 200 1478989
2025-02-03 14:20:06,607 INFO     ___FILE_ONLY___ ═
2025-02-03 14:20:06,607 INFO     ___FILE_ONLY___ ═
2025-02-03 14:20:06,607 INFO     ___FILE_ONLY___ ═
2025-02-03 14:20:06,608 INFO     ___FILE_ONLY___ ═
2025-02-03 14:20:06,608 INFO     ___FILE_ONLY___ ═
2025-02-03 14:20:06,608 INFO     ___FILE_ONLY___ ═
2025-02-03 14:20:06,608 INFO     ___FILE_ONLY___ ═
2025-02-03 14:20:06,608 INFO     ___FILE_ONLY___ ═
2025-02-03 14:20:06,608 INFO     ___FILE_ONLY___ ═
2025-02-03 14:20:06,608 INFO     ___FILE_ONLY___ ═
2025-02-03 14:20:06,608 INFO     ___FILE_ONLY___ ═
2025-02-03 14:20:06,608 INFO     ___FILE_ONLY___ ═
2025-02-03 14:20:06,609 INFO     ___FILE_ONLY___ ═
2025-02-03 14:20:06,609 INFO     ___FILE_ONLY___ ═
2025-02-03 14:20:06,609 INFO     ___FILE_ONLY___ ═
2025-02-03 14:20:06,609 INFO     ___FILE_ONLY___ ═
2025-02-03 14:20:06,609 INFO     ___FILE_ONLY___ ═
2025-02-03 14:20:06,609 INFO     ___FILE_ONLY___ ═
2025-02-03 14:20:06,609 INFO     ___FILE_ONLY___ ═
2025-02-03 14:20:06,610 INFO     ___FILE_ONLY___ ═
2025-02-03 14:20:06,610 INFO     ___FILE_ONLY___ ═
2025-02-03 14:20:06,610 INFO     ___FILE_ONLY___ ═
2025-02-03 14:20:06,610 INFO     ___FILE_ONLY___ ═
2025-02-03 14:20:06,610 INFO     ___FILE_ONLY___ ═
2025-02-03 14:20:06,610 INFO     ___FILE_ONLY___ ═
2025-02-03 14:20:06,610 INFO     ___FILE_ONLY___ ═
2025-02-03 14:20:06,610 INFO     ___FILE_ONLY___ ═
2025-02-03 14:20:06,610 INFO     ___FILE_ONLY___ ═
2025-02-03 14:20:06,611 INFO     ___FILE_ONLY___ ═
2025-02-03 14:20:06,611 INFO     ___FILE_ONLY___ ═
2025-02-03 14:20:06,611 INFO     ___FILE_ONLY___ ═
2025-02-03 14:20:06,611 INFO     ___FILE_ONLY___ ═
2025-02-03 14:20:06,611 INFO     ___FILE_ONLY___ ═
2025-02-03 14:20:06,611 INFO     ___FILE_ONLY___ ═
2025-02-03 14:20:06,611 INFO     ___FILE_ONLY___ ═
2025-02-03 14:20:06,611 INFO     ___FILE_ONLY___ ═
2025-02-03 14:20:06,611 INFO     ___FILE_ONLY___ ═
2025-02-03 14:20:06,612 INFO     ___FILE_ONLY___ ═
2025-02-03 14:20:06,612 INFO     ___FILE_ONLY___ ═
2025-02-03 14:20:06,612 INFO     ___FILE_ONLY___ ═
2025-02-03 14:20:06,612 INFO     ___FILE_ONLY___ ═
2025-02-03 14:20:06,612 INFO     ___FILE_ONLY___ ═
2025-02-03 14:20:06,612 INFO     ___FILE_ONLY___ ═
2025-02-03 14:20:06,612 INFO     ___FILE_ONLY___ ═
2025-02-03 14:20:06,612 INFO     ___FILE_ONLY___ ═
2025-02-03 14:20:06,613 INFO     ___FILE_ONLY___ ═
2025-02-03 14:20:06,613 INFO     ___FILE_ONLY___ ═
2025-02-03 14:20:06,613 INFO     ___FILE_ONLY___ ═
2025-02-03 14:20:06,613 INFO     ___FILE_ONLY___ ═
2025-02-03 14:20:06,613 INFO     ___FILE_ONLY___ ═
2025-02-03 14:20:06,613 INFO     ___FILE_ONLY___ ═
2025-02-03 14:20:06,613 INFO     ___FILE_ONLY___ ═
2025-02-03 14:20:06,613 INFO     ___FILE_ONLY___ ═
2025-02-03 14:20:06,613 INFO     ___FILE_ONLY___ ═
2025-02-03 14:20:06,614 INFO     ___FILE_ONLY___ ═
2025-02-03 14:20:06,614 INFO     ___FILE_ONLY___ ═
2025-02-03 14:20:06,614 INFO     ___FILE_ONLY___ ═
2025-02-03 14:20:06,614 INFO     ___FILE_ONLY___ ═
2025-02-03 14:20:06,614 INFO     ___FILE_ONLY___ ═
2025-02-03 14:20:06,614 INFO     ___FILE_ONLY___ ═
2025-02-03 14:20:06,614 INFO     ___FILE_ONLY___ ╝

2025-02-03 14:20:06,616 INFO     ___FILE_ONLY___ ╔════════════════════════════════════════════════════════════╗

2025-02-03 14:20:06,616 INFO     ___FILE_ONLY___ ╠═ Downloading: gcloud cli dependencies (Platform Specific) ═╣

2025-02-03 14:20:06,616 INFO     ___FILE_ONLY___ ╚
2025-02-03 14:20:06,627 DEBUG    urllib3.connectionpool Starting new HTTPS connection (1): dl.google.com:443
2025-02-03 14:20:06,696 DEBUG    urllib3.connectionpool https://dl.google.com:443 "GET /dl/cloudsdk/channels/rapid/components/google-cloud-sdk-gcloud-deps-linux-x86_64-20210416153011.tar.gz HTTP/1.1" 200 104
2025-02-03 14:20:06,697 INFO     ___FILE_ONLY___ ════════════════════════════════════════════════════════════
2025-02-03 14:20:06,697 INFO     ___FILE_ONLY___ ╝

2025-02-03 14:20:06,699 INFO     ___FILE_ONLY___ ╔════════════════════════════════════════════════════════════╗

2025-02-03 14:20:06,699 INFO     ___FILE_ONLY___ ╠═ Installing: BigQuery Command Line Tool                   ═╣

2025-02-03 14:20:06,699 INFO     ___FILE_ONLY___ ╚
2025-02-03 14:20:06,791 INFO     ___FILE_ONLY___ ═
2025-02-03 14:20:06,794 INFO     ___FILE_ONLY___ ═
2025-02-03 14:20:06,797 INFO     ___FILE_ONLY___ ═
2025-02-03 14:20:06,800 INFO     ___FILE_ONLY___ ═
2025-02-03 14:20:06,802 INFO     ___FILE_ONLY___ ═
2025-02-03 14:20:06,805 INFO     ___FILE_ONLY___ ═
2025-02-03 14:20:06,807 INFO     ___FILE_ONLY___ ═
2025-02-03 14:20:06,809 INFO     ___FILE_ONLY___ ═
2025-02-03 14:20:06,812 INFO     ___FILE_ONLY___ ═
2025-02-03 14:20:06,814 INFO     ___FILE_ONLY___ ═
2025-02-03 14:20:06,816 INFO     ___FILE_ONLY___ ═
2025-02-03 14:20:06,818 INFO     ___FILE_ONLY___ ═
2025-02-03 14:20:06,820 INFO     ___FILE_ONLY___ ═
2025-02-03 14:20:06,822 INFO     ___FILE_ONLY___ ═
2025-02-03 14:20:06,825 INFO     ___FILE_ONLY___ ═
2025-02-03 14:20:06,827 INFO     ___FILE_ONLY___ ═
2025-02-03 14:20:06,829 INFO     ___FILE_ONLY___ ═
2025-02-03 14:20:06,832 INFO     ___FILE_ONLY___ ═
2025-02-03 14:20:06,834 INFO     ___FILE_ONLY___ ═
2025-02-03 14:20:06,837 INFO     ___FILE_ONLY___ ═
2025-02-03 14:20:06,839 INFO     ___FILE_ONLY___ ═
2025-02-03 14:20:06,841 INFO     ___FILE_ONLY___ ═
2025-02-03 14:20:06,843 INFO     ___FILE_ONLY___ ═
2025-02-03 14:20:06,845 INFO     ___FILE_ONLY___ ═
2025-02-03 14:20:06,847 INFO     ___FILE_ONLY___ ═
2025-02-03 14:20:06,849 INFO     ___FILE_ONLY___ ═
2025-02-03 14:20:06,850 INFO     ___FILE_ONLY___ ═
2025-02-03 14:20:06,853 INFO     ___FILE_ONLY___ ═
2025-02-03 14:20:06,856 INFO     ___FILE_ONLY___ ═
2025-02-03 14:20:06,858 INFO     ___FILE_ONLY___ ═
2025-02-03 14:20:06,860 INFO     ___FILE_ONLY___ ═
2025-02-03 14:20:06,862 INFO     ___FILE_ONLY___ ═
2025-02-03 14:20:06,865 INFO     ___FILE_ONLY___ ═
2025-02-03 14:20:06,869 INFO     ___FILE_ONLY___ ═
2025-02-03 14:20:06,878 INFO     ___FILE_ONLY___ ═
2025-02-03 14:20:06,879 INFO     ___FILE_ONLY___ ═
2025-02-03 14:20:06,882 INFO     ___FILE_ONLY___ ═
2025-02-03 14:20:06,887 INFO     ___FILE_ONLY___ ═
2025-02-03 14:20:06,889 INFO     ___FILE_ONLY___ ═
2025-02-03 14:20:06,891 INFO     ___FILE_ONLY___ ═
2025-02-03 14:20:06,893 INFO     ___FILE_ONLY___ ═
2025-02-03 14:20:06,895 INFO     ___FILE_ONLY___ ═
2025-02-03 14:20:06,899 INFO     ___FILE_ONLY___ ═
2025-02-03 14:20:06,902 INFO     ___FILE_ONLY___ ═
2025-02-03 14:20:06,904 INFO     ___FILE_ONLY___ ═
2025-02-03 14:20:06,906 INFO     ___FILE_ONLY___ ═
2025-02-03 14:20:06,908 INFO     ___FILE_ONLY___ ═
2025-02-03 14:20:06,910 INFO     ___FILE_ONLY___ ═
2025-02-03 14:20:06,911 INFO     ___FILE_ONLY___ ═
2025-02-03 14:20:06,914 INFO     ___FILE_ONLY___ ═
2025-02-03 14:20:06,915 INFO     ___FILE_ONLY___ ═
2025-02-03 14:20:06,917 INFO     ___FILE_ONLY___ ═
2025-02-03 14:20:06,919 INFO     ___FILE_ONLY___ ═
2025-02-03 14:20:06,921 INFO     ___FILE_ONLY___ ═
2025-02-03 14:20:06,924 INFO     ___FILE_ONLY___ ═
2025-02-03 14:20:06,925 INFO     ___FILE_ONLY___ ═
2025-02-03 14:20:06,927 INFO     ___FILE_ONLY___ ═
2025-02-03 14:20:06,929 INFO     ___FILE_ONLY___ ═
2025-02-03 14:20:06,931 INFO     ___FILE_ONLY___ ═
2025-02-03 14:20:06,933 INFO     ___FILE_ONLY___ ═
2025-02-03 14:20:06,933 INFO     ___FILE_ONLY___ ╝

2025-02-03 14:20:06,941 INFO     ___FILE_ONLY___ ╔════════════════════════════════════════════════════════════╗

2025-02-03 14:20:06,941 INFO     ___FILE_ONLY___ ╠═ Installing: BigQuery Command Line Tool (Platform Spec... ═╣

2025-02-03 14:20:06,941 INFO     ___FILE_ONLY___ ╚
2025-02-03 14:20:06,942 INFO     ___FILE_ONLY___ ════════════════════════════════════════════════════════════
2025-02-03 14:20:06,942 INFO     ___FILE_ONLY___ ╝

2025-02-03 14:20:06,946 INFO     ___FILE_ONLY___ ╔════════════════════════════════════════════════════════════╗

2025-02-03 14:20:06,946 INFO     ___FILE_ONLY___ ╠═ Installing: Bundled Python 3.11                          ═╣

2025-02-03 14:20:06,946 INFO     ___FILE_ONLY___ ╚
2025-02-03 14:20:06,949 INFO     ___FILE_ONLY___ ════════════════════════════════════════════════════════════
2025-02-03 14:20:06,949 INFO     ___FILE_ONLY___ ╝

2025-02-03 14:20:06,950 INFO     ___FILE_ONLY___ ╔════════════════════════════════════════════════════════════╗

2025-02-03 14:20:06,950 INFO     ___FILE_ONLY___ ╠═ Installing: Bundled Python 3.11 (Platform Specific)      ═╣

2025-02-03 14:20:06,950 INFO     ___FILE_ONLY___ ╚
2025-02-03 14:20:08,868 INFO     ___FILE_ONLY___ ═
2025-02-03 14:20:08,882 INFO     ___FILE_ONLY___ ═
2025-02-03 14:20:08,894 INFO     ___FILE_ONLY___ ═
2025-02-03 14:20:08,905 INFO     ___FILE_ONLY___ ═
2025-02-03 14:20:08,917 INFO     ___FILE_ONLY___ ═
2025-02-03 14:20:08,929 INFO     ___FILE_ONLY___ ═
2025-02-03 14:20:08,941 INFO     ___FILE_ONLY___ ═
2025-02-03 14:20:08,953 INFO     ___FILE_ONLY___ ═
2025-02-03 14:20:08,965 INFO     ___FILE_ONLY___ ═
2025-02-03 14:20:08,976 INFO     ___FILE_ONLY___ ═
2025-02-03 14:20:08,988 INFO     ___FILE_ONLY___ ═
2025-02-03 14:20:08,999 INFO     ___FILE_ONLY___ ═
2025-02-03 14:20:09,010 INFO     ___FILE_ONLY___ ═
2025-02-03 14:20:09,022 INFO     ___FILE_ONLY___ ═
2025-02-03 14:20:09,034 INFO     ___FILE_ONLY___ ═
2025-02-03 14:20:09,046 INFO     ___FILE_ONLY___ ═
2025-02-03 14:20:09,058 INFO     ___FILE_ONLY___ ═
2025-02-03 14:20:09,069 INFO     ___FILE_ONLY___ ═
2025-02-03 14:20:09,080 INFO     ___FILE_ONLY___ ═
2025-02-03 14:20:09,092 INFO     ___FILE_ONLY___ ═
2025-02-03 14:20:09,103 INFO     ___FILE_ONLY___ ═
2025-02-03 14:20:09,115 INFO     ___FILE_ONLY___ ═
2025-02-03 14:20:09,126 INFO     ___FILE_ONLY___ ═
2025-02-03 14:20:09,138 INFO     ___FILE_ONLY___ ═
2025-02-03 14:20:09,150 INFO     ___FILE_ONLY___ ═
2025-02-03 14:20:09,161 INFO     ___FILE_ONLY___ ═
2025-02-03 14:20:09,173 INFO     ___FILE_ONLY___ ═
2025-02-03 14:20:09,184 INFO     ___FILE_ONLY___ ═
2025-02-03 14:20:09,196 INFO     ___FILE_ONLY___ ═
2025-02-03 14:20:09,208 INFO     ___FILE_ONLY___ ═
2025-02-03 14:20:09,218 INFO     ___FILE_ONLY___ ═
2025-02-03 14:20:09,230 INFO     ___FILE_ONLY___ ═
2025-02-03 14:20:09,241 INFO     ___FILE_ONLY___ ═
2025-02-03 14:20:09,253 INFO     ___FILE_ONLY___ ═
2025-02-03 14:20:09,264 INFO     ___FILE_ONLY___ ═
2025-02-03 14:20:09,275 INFO     ___FILE_ONLY___ ═
2025-02-03 14:20:10,036 INFO     ___FILE_ONLY___ ═
2025-02-03 14:20:10,061 INFO     ___FILE_ONLY___ ═
2025-02-03 14:20:10,084 INFO     ___FILE_ONLY___ ═
2025-02-03 14:20:10,103 INFO     ___FILE_ONLY___ ═
2025-02-03 14:20:10,122 INFO     ___FILE_ONLY___ ═
2025-02-03 14:20:10,256 INFO     ___FILE_ONLY___ ═
2025-02-03 14:20:10,282 INFO     ___FILE_ONLY___ ═
2025-02-03 14:20:10,300 INFO     ___FILE_ONLY___ ═
2025-02-03 14:20:10,315 INFO     ___FILE_ONLY___ ═
2025-02-03 14:20:10,332 INFO     ___FILE_ONLY___ ═
2025-02-03 14:20:10,360 INFO     ___FILE_ONLY___ ═
2025-02-03 14:20:10,380 INFO     ___FILE_ONLY___ ═
2025-02-03 14:20:10,396 INFO     ___FILE_ONLY___ ═
2025-02-03 14:20:10,410 INFO     ___FILE_ONLY___ ═
2025-02-03 14:20:10,500 INFO     ___FILE_ONLY___ ═
2025-02-03 14:20:10,517 INFO     ___FILE_ONLY___ ═
2025-02-03 14:20:10,536 INFO     ___FILE_ONLY___ ═
2025-02-03 14:20:10,553 INFO     ___FILE_ONLY___ ═
2025-02-03 14:20:10,595 INFO     ___FILE_ONLY___ ═
2025-02-03 14:20:10,969 INFO     ___FILE_ONLY___ ═
2025-02-03 14:20:10,986 INFO     ___FILE_ONLY___ ═
2025-02-03 14:20:11,006 INFO     ___FILE_ONLY___ ═
2025-02-03 14:20:11,022 INFO     ___FILE_ONLY___ ═
2025-02-03 14:20:11,379 INFO     ___FILE_ONLY___ ═
2025-02-03 14:20:11,379 INFO     ___FILE_ONLY___ ╝

2025-02-03 14:20:11,425 INFO     ___FILE_ONLY___ ╔════════════════════════════════════════════════════════════╗

2025-02-03 14:20:11,425 INFO     ___FILE_ONLY___ ╠═ Installing: Cloud Storage Command Line Tool              ═╣

2025-02-03 14:20:11,426 INFO     ___FILE_ONLY___ ╚
2025-02-03 14:20:11,956 INFO     ___FILE_ONLY___ ═
2025-02-03 14:20:11,972 INFO     ___FILE_ONLY___ ═
2025-02-03 14:20:11,995 INFO     ___FILE_ONLY___ ═
2025-02-03 14:20:12,018 INFO     ___FILE_ONLY___ ═
2025-02-03 14:20:12,038 INFO     ___FILE_ONLY___ ═
2025-02-03 14:20:12,051 INFO     ___FILE_ONLY___ ═
2025-02-03 14:20:12,067 INFO     ___FILE_ONLY___ ═
2025-02-03 14:20:12,082 INFO     ___FILE_ONLY___ ═
2025-02-03 14:20:12,098 INFO     ___FILE_ONLY___ ═
2025-02-03 14:20:12,113 INFO     ___FILE_ONLY___ ═
2025-02-03 14:20:12,128 INFO     ___FILE_ONLY___ ═
2025-02-03 14:20:12,141 INFO     ___FILE_ONLY___ ═
2025-02-03 14:20:12,151 INFO     ___FILE_ONLY___ ═
2025-02-03 14:20:12,162 INFO     ___FILE_ONLY___ ═
2025-02-03 14:20:12,174 INFO     ___FILE_ONLY___ ═
2025-02-03 14:20:12,185 INFO     ___FILE_ONLY___ ═
2025-02-03 14:20:12,197 INFO     ___FILE_ONLY___ ═
2025-02-03 14:20:12,208 INFO     ___FILE_ONLY___ ═
2025-02-03 14:20:12,220 INFO     ___FILE_ONLY___ ═
2025-02-03 14:20:12,230 INFO     ___FILE_ONLY___ ═
2025-02-03 14:20:12,242 INFO     ___FILE_ONLY___ ═
2025-02-03 14:20:12,256 INFO     ___FILE_ONLY___ ═
2025-02-03 14:20:12,270 INFO     ___FILE_ONLY___ ═
2025-02-03 14:20:12,280 INFO     ___FILE_ONLY___ ═
2025-02-03 14:20:12,291 INFO     ___FILE_ONLY___ ═
2025-02-03 14:20:12,305 INFO     ___FILE_ONLY___ ═
2025-02-03 14:20:12,322 INFO     ___FILE_ONLY___ ═
2025-02-03 14:20:12,340 INFO     ___FILE_ONLY___ ═
2025-02-03 14:20:12,355 INFO     ___FILE_ONLY___ ═
2025-02-03 14:20:12,375 INFO     ___FILE_ONLY___ ═
2025-02-03 14:20:12,385 INFO     ___FILE_ONLY___ ═
2025-02-03 14:20:12,395 INFO     ___FILE_ONLY___ ═
2025-02-03 14:20:12,413 INFO     ___FILE_ONLY___ ═
2025-02-03 14:20:12,426 INFO     ___FILE_ONLY___ ═
2025-02-03 14:20:12,436 INFO     ___FILE_ONLY___ ═
2025-02-03 14:20:12,446 INFO     ___FILE_ONLY___ ═
2025-02-03 14:20:12,456 INFO     ___FILE_ONLY___ ═
2025-02-03 14:20:12,466 INFO     ___FILE_ONLY___ ═
2025-02-03 14:20:12,477 INFO     ___FILE_ONLY___ ═
2025-02-03 14:20:12,492 INFO     ___FILE_ONLY___ ═
2025-02-03 14:20:12,522 INFO     ___FILE_ONLY___ ═
2025-02-03 14:20:12,537 INFO     ___FILE_ONLY___ ═
2025-02-03 14:20:12,547 INFO     ___FILE_ONLY___ ═
2025-02-03 14:20:12,560 INFO     ___FILE_ONLY___ ═
2025-02-03 14:20:12,576 INFO     ___FILE_ONLY___ ═
2025-02-03 14:20:12,587 INFO     ___FILE_ONLY___ ═
2025-02-03 14:20:12,595 INFO     ___FILE_ONLY___ ═
2025-02-03 14:20:12,606 INFO     ___FILE_ONLY___ ═
2025-02-03 14:20:12,616 INFO     ___FILE_ONLY___ ═
2025-02-03 14:20:12,629 INFO     ___FILE_ONLY___ ═
2025-02-03 14:20:12,645 INFO     ___FILE_ONLY___ ═
2025-02-03 14:20:12,657 INFO     ___FILE_ONLY___ ═
2025-02-03 14:20:12,673 INFO     ___FILE_ONLY___ ═
2025-02-03 14:20:12,685 INFO     ___FILE_ONLY___ ═
2025-02-03 14:20:12,722 INFO     ___FILE_ONLY___ ═
2025-02-03 14:20:12,731 INFO     ___FILE_ONLY___ ═
2025-02-03 14:20:12,741 INFO     ___FILE_ONLY___ ═
2025-02-03 14:20:12,752 INFO     ___FILE_ONLY___ ═
2025-02-03 14:20:12,763 INFO     ___FILE_ONLY___ ═
2025-02-03 14:20:12,777 INFO     ___FILE_ONLY___ ═
2025-02-03 14:20:12,777 INFO     ___FILE_ONLY___ ╝

2025-02-03 14:20:12,808 INFO     ___FILE_ONLY___ ╔════════════════════════════════════════════════════════════╗

2025-02-03 14:20:12,808 INFO     ___FILE_ONLY___ ╠═ Installing: Cloud Storage Command Line Tool (Platform... ═╣

2025-02-03 14:20:12,808 INFO     ___FILE_ONLY___ ╚
2025-02-03 14:20:12,809 INFO     ___FILE_ONLY___ ════════════════════════════════════════════════════════════
2025-02-03 14:20:12,809 INFO     ___FILE_ONLY___ ╝

2025-02-03 14:20:12,813 INFO     ___FILE_ONLY___ ╔════════════════════════════════════════════════════════════╗

2025-02-03 14:20:12,813 INFO     ___FILE_ONLY___ ╠═ Installing: Default set of gcloud commands               ═╣

2025-02-03 14:20:12,813 INFO     ___FILE_ONLY___ ╚
2025-02-03 14:20:12,816 INFO     ___FILE_ONLY___ ════════════════════════════════════════════════════════════
2025-02-03 14:20:12,816 INFO     ___FILE_ONLY___ ╝

2025-02-03 14:20:12,817 INFO     ___FILE_ONLY___ ╔════════════════════════════════════════════════════════════╗

2025-02-03 14:20:12,818 INFO     ___FILE_ONLY___ ╠═ Installing: Google Cloud CLI Core Libraries (Platform... ═╣

2025-02-03 14:20:12,818 INFO     ___FILE_ONLY___ ╚
2025-02-03 14:20:12,818 INFO     ___FILE_ONLY___ ══════════════════════════════
2025-02-03 14:20:12,819 INFO     ___FILE_ONLY___ ══════════════════════════════
2025-02-03 14:20:12,819 INFO     ___FILE_ONLY___ ╝

2025-02-03 14:20:12,823 INFO     ___FILE_ONLY___ ╔════════════════════════════════════════════════════════════╗

2025-02-03 14:20:12,823 INFO     ___FILE_ONLY___ ╠═ Installing: Google Cloud CRC32C Hash Tool                ═╣

2025-02-03 14:20:12,823 INFO     ___FILE_ONLY___ ╚
2025-02-03 14:20:12,825 INFO     ___FILE_ONLY___ ════════════════════════════════════════════════════════════
2025-02-03 14:20:12,825 INFO     ___FILE_ONLY___ ╝

2025-02-03 14:20:12,827 INFO     ___FILE_ONLY___ ╔════════════════════════════════════════════════════════════╗

2025-02-03 14:20:12,827 INFO     ___FILE_ONLY___ ╠═ Installing: Google Cloud CRC32C Hash Tool (Platform S... ═╣

2025-02-03 14:20:12,827 INFO     ___FILE_ONLY___ ╚
2025-02-03 14:20:12,865 INFO     ___FILE_ONLY___ ══════════════════════════════
2025-02-03 14:20:12,865 INFO     ___FILE_ONLY___ ══════════════════════════════
2025-02-03 14:20:12,865 INFO     ___FILE_ONLY___ ╝

2025-02-03 14:20:12,870 INFO     ___FILE_ONLY___ ╔════════════════════════════════════════════════════════════╗

2025-02-03 14:20:12,870 INFO     ___FILE_ONLY___ ╠═ Installing: gcloud cli dependencies (Platform Specific)  ═╣

2025-02-03 14:20:12,870 INFO     ___FILE_ONLY___ ╚
2025-02-03 14:20:12,871 INFO     ___FILE_ONLY___ ════════════════════════════════════════════════════════════
2025-02-03 14:20:12,871 INFO     ___FILE_ONLY___ ╝

2025-02-03 14:20:12,876 DEBUG    root            Updating notification cache...
2025-02-03 14:20:12,876 INFO     ___FILE_ONLY___ 

2025-02-03 14:20:12,878 INFO     ___FILE_ONLY___ Performing post processing steps...
2025-02-03 14:20:12,878 DEBUG    root            Executing command: ['/tools/google-cloud-sdk/bin/gcloud', 'components', 'post-process']
2025-02-03 14:20:21,100 DEBUG    ___FILE_ONLY___ 
2025-02-03 14:20:21,100 DEBUG    ___FILE_ONLY___ 
2025-02-03 14:20:21,172 INFO     ___FILE_ONLY___ 
Update done!


2025-02-03 14:20:21,176 DEBUG    root            Chosen display Format:none
2025-02-03 14:20:21,177 INFO     root            Display format: "none"
